PMG.log - 80 events sent
aspera-scp-transfer.log - 50 events sent
PMG_EVENTS.log - 50 events sent
PMG.log - 90 events sent
aspera-scp-transfer.log - 60 events sent
PMG_EVENTS.log - 60 events sent
PMG.log - 100 events sent
PMG.log - 110 events sent
aspera-scp-transfer.log - 70 events sent
PMG_EVENTS.log - 70 events sent
PMG.log - 120 events sent
jboss.log - 20 events sent
PMG.log - 130 events sent
PMG_EVENTS.log - 80 events sent
aspera-scp-transfer.log - 80 events sent
PMG.log - 140 events sent
PMG_EVENTS.log - 90 events sent
aspera-scp-transfer.log - 90 events sent
PMG.log - 150 events sent
PMG.log - 160 events sent
PMG_EVENTS.log - 100 events sent
aspera-scp-transfer.log - 100 events sent
PMG.log - 170 events sent
PMG.log - 180 events sent
PMG_EVENTS.log - 110 events sent
aspera-scp-transfer.log - 110 events sent
PMG.log - 190 events sent
jboss.log - 30 events sent
PMG_EVENTS.log - 120 events sent
aspera-scp-transfer.log - 120 events sent
PMG.log - 200 events sent
PMG.log - 210 events sent
PMG_EVENTS.log - 130 events sent
aspera-scp-transfer.log - 130 events sent
PMG.log - 220 events sent
PMG.log - 230 events sent
PMG_EVENTS.log - 140 events sent
aspera-scp-transfer.log - 140 events sent
PMG.log - 240 events sent
PMG_EVENTS.log - 150 events sent
aspera-scp-transfer.log - 150 events sent
PMG.log - 250 events sent
PMG.log - 260 events sent
jboss.log - 40 events sent
PMG_EVENTS.log - 160 events sent
aspera-scp-transfer.log - 160 events sent
PMG.log - 270 events sent
PMG.log - 280 events sent
PMG_EVENTS.log - 170 events sent
aspera-scp-transfer.log - 170 events sent
PMG.log - 290 events sent
PMG_EVENTS.log - 180 events sent
aspera-scp-transfer.log - 180 events sent
PMG.log - 300 events sent
PMG.log - 310 events sent
PMG_EVENTS.log - 190 events sent
aspera-scp-transfer.log - 190 events sent
PMG.log - 320 events sent
jboss.log - 50 events sent
PMG.log - 330 events sent
PMG_EVENTS.log - 200 events sent
aspera-scp-transfer.log - 200 events sent
PMG.log - 340 events sent
PMG_EVENTS.log - 210 events sent
aspera-scp-transfer.log - 210 events sent
PMG.log - 350 events sent
PMG.log - 360 events sent
aspera-scp-transfer.log - 220 events sent
PMG_EVENTS.log - 220 events sent
PMG.log - 370 events sent
closing threads...
